<?xml version="1.0" encoding="UTF-8" ?>
<testsuite tests="1" failures="0" name="com.duofei.beans.BeanFactoryTest" time="0.02" errors="0" skipped="0">
  <properties>
    <property name="idea.version" value="2018.2"/>
    <property name="java.runtime.name" value="Java(TM) SE Runtime Environment"/>
    <property name="sun.boot.library.path" value="D:\JDK\8\jre\bin"/>
    <property name="java.vm.version" value="25.161-b12"/>
    <property name="java.vm.vendor" value="Oracle Corporation"/>
    <property name="maven.multiModuleProjectDirectory" value="E:\GitHub\duofei_spring"/>
    <property name="java.vendor.url" value="http://java.oracle.com/"/>
    <property name="path.separator" value=";"/>
    <property name="guice.disable.misplaced.annotation.check" value="true"/>
    <property name="java.vm.name" value="Java HotSpot(TM) 64-Bit Server VM"/>
    <property name="file.encoding.pkg" value="sun.io"/>
    <property name="user.script" value=""/>
    <property name="user.country" value="CN"/>
    <property name="sun.java.launcher" value="SUN_STANDARD"/>
    <property name="sun.os.patch.level" value=""/>
    <property name="java.vm.specification.name" value="Java Virtual Machine Specification"/>
    <property name="user.dir" value="E:\GitHub\duofei_spring"/>
    <property name="java.runtime.version" value="1.8.0_161-b12"/>
    <property name="java.awt.graphicsenv" value="sun.awt.Win32GraphicsEnvironment"/>
    <property name="java.endorsed.dirs" value="D:\JDK\8\jre\lib\endorsed"/>
    <property name="os.arch" value="amd64"/>
    <property name="java.io.tmpdir" value="C:\Users\delliu\AppData\Local\Temp\"/>
    <property name="line.separator" value="
"/>
    <property name="java.vm.specification.vendor" value="Oracle Corporation"/>
    <property name="user.variant" value=""/>
    <property name="os.name" value="Windows 10"/>
    <property name="archetypeCatalog" value="internal"/>
    <property name="classworlds.conf" value="D:\maven\apache-maven-3.5.3\bin\m2.conf"/>
    <property name="sun.jnu.encoding" value="GBK"/>
    <property name="java.library.path" value="D:\JDK\8\bin;C:\WINDOWS\Sun\Java\bin;C:\WINDOWS\system32;C:\WINDOWS;C:\Program Files (x86)\NetSarang\Xftp 6\;D:\JDK\8\bin;D:\tomcat\apache-tomcat-8.5.29\bin;C:\ProgramData\Oracle\Java\javapath;C:\WINDOWS\system32;C:\WINDOWS;C:\WINDOWS\System32\Wbem;C:\WINDOWS\System32\WindowsPowerShell\v1.0\;D:\Git\cmd;C:\Program Files\MySQL\MySQL Utilities 1.6\;C:\Program Files\MySQL\MySQL Server 5.7\bin;D:\MongoDB\Server\3.6\bin;D:\maven\apache-maven-3.5.3\bin;D:\erl9.3\bin;D:\RabbitMQServer\rabbitmq_server-3.7.4\sbin;D:\emqttd2.3.10\bin;E:\火狐下载\curl-7.60.0-win64-mingw\curl-7.60.0-win64-mingw\bin;C:\WINDOWS\System32\OpenSSH\;D:\maven\apache-maven-3.5.3\bin;C:\Users\delliu\Desktop;D:\nodejs\;D:\gradle-4.10.2-all\gradle-4.10.2\bin;C:\Program Files\Common Files\Autodesk Shared\;E:\TortoiseSVN\bin;C:\Users\delliu\Desktop\quickstart;F:\MinGW\bin;D:\Redis\;C:\Users\delliu\AppData\Local\Microsoft\WindowsApps;C:\Users\delliu\AppData\Roaming\npm;F:\Fiddler;C:\Users\delliu\AppData\Local\GitHubDesktop\bin;."/>
    <property name="maven.conf" value="D:\maven\apache-maven-3.5.3/conf"/>
    <property name="java.specification.name" value="Java Platform API Specification"/>
    <property name="java.class.version" value="52.0"/>
    <property name="sun.management.compiler" value="HotSpot 64-Bit Tiered Compilers"/>
    <property name="os.version" value="10.0"/>
    <property name="user.home" value="C:\Users\delliu"/>
    <property name="user.timezone" value="Asia/Shanghai"/>
    <property name="java.awt.printerjob" value="sun.awt.windows.WPrinterJob"/>
    <property name="java.specification.version" value="1.8"/>
    <property name="file.encoding" value="UTF-8"/>
    <property name="user.name" value="delliu"/>
    <property name="java.class.path" value="D:\maven\apache-maven-3.5.3\boot\plexus-classworlds-2.5.2.jar"/>
    <property name="java.vm.specification.version" value="1.8"/>
    <property name="sun.arch.data.model" value="64"/>
    <property name="java.home" value="D:\JDK\8\jre"/>
    <property name="sun.java.command" value="org.codehaus.classworlds.Launcher -Didea.version=2018.2 install --non-recursive"/>
    <property name="java.specification.vendor" value="Oracle Corporation"/>
    <property name="user.language" value="zh"/>
    <property name="awt.toolkit" value="sun.awt.windows.WToolkit"/>
    <property name="java.vm.info" value="mixed mode"/>
    <property name="java.version" value="1.8.0_161"/>
    <property name="java.ext.dirs" value="D:\JDK\8\jre\lib\ext;C:\WINDOWS\Sun\Java\lib\ext"/>
    <property name="sun.boot.class.path" value="D:\JDK\8\jre\lib\resources.jar;D:\JDK\8\jre\lib\rt.jar;D:\JDK\8\jre\lib\sunrsasign.jar;D:\JDK\8\jre\lib\jsse.jar;D:\JDK\8\jre\lib\jce.jar;D:\JDK\8\jre\lib\charsets.jar;D:\JDK\8\jre\lib\jfr.jar;D:\JDK\8\jre\classes"/>
    <property name="java.vendor" value="Oracle Corporation"/>
    <property name="maven.home" value="D:\maven\apache-maven-3.5.3"/>
    <property name="file.separator" value="\"/>
    <property name="java.vendor.url.bug" value="http://bugreport.sun.com/bugreport/"/>
    <property name="sun.cpu.endian" value="little"/>
    <property name="sun.io.unicode.encoding" value="UnicodeLittle"/>
    <property name="sun.desktop" value="windows"/>
    <property name="sun.cpu.isalist" value="amd64"/>
  </properties>
  <testcase classname="com.duofei.beans.BeanFactoryTest" name="testSimpleLoaded" time="0.02"/>
</testsuite>