<?xml version="1.0" encoding="UTF-8"?>
<testsuite xmlns:xsi="http://www.w3.org/2001/XMLSchema-instance" xsi:noNamespaceSchemaLocation="https://maven.apache.org/surefire/maven-surefire-plugin/xsd/surefire-test-report.xsd" name="com.duofei.db.mongodb.MongodbTest" time="7.977" tests="1" errors="0" skipped="0" failures="0">
  <properties>
    <property name="sun.desktop" value="windows"/>
    <property name="awt.toolkit" value="sun.awt.windows.WToolkit"/>
    <property name="file.encoding.pkg" value="sun.io"/>
    <property name="java.specification.version" value="1.8"/>
    <property name="sun.cpu.isalist" value="amd64"/>
    <property name="sun.jnu.encoding" value="GBK"/>
    <property name="java.class.path" value="E:\GitHub\duofei\Spring_Boot\target\test-classes;E:\GitHub\duofei\Spring_Boot\target\classes;D:\Maven\Repository\org\projectlombok\lombok\1.16.20\lombok-1.16.20.jar;D:\Maven\Repository\org\springframework\boot\spring-boot-starter-data-jpa\2.1.8.RELEASE\spring-boot-starter-data-jpa-2.1.8.RELEASE.jar;D:\Maven\Repository\org\springframework\boot\spring-boot-starter-aop\2.1.8.RELEASE\spring-boot-starter-aop-2.1.8.RELEASE.jar;D:\Maven\Repository\org\springframework\spring-aop\5.1.9.RELEASE\spring-aop-5.1.9.RELEASE.jar;D:\Maven\Repository\org\aspectj\aspectjweaver\1.9.4\aspectjweaver-1.9.4.jar;D:\Maven\Repository\org\springframework\boot\spring-boot-starter-jdbc\2.1.8.RELEASE\spring-boot-starter-jdbc-2.1.8.RELEASE.jar;D:\Maven\Repository\com\zaxxer\HikariCP\3.2.0\HikariCP-3.2.0.jar;D:\Maven\Repository\org\springframework\spring-jdbc\5.1.9.RELEASE\spring-jdbc-5.1.9.RELEASE.jar;D:\Maven\Repository\javax\transaction\javax.transaction-api\1.3\javax.transaction-api-1.3.jar;D:\Maven\Repository\javax\xml\bind\jaxb-api\2.3.1\jaxb-api-2.3.1.jar;D:\Maven\Repository\javax\activation\javax.activation-api\1.2.0\javax.activation-api-1.2.0.jar;D:\Maven\Repository\org\hibernate\hibernate-core\5.3.11.Final\hibernate-core-5.3.11.Final.jar;D:\Maven\Repository\org\jboss\logging\jboss-logging\3.3.3.Final\jboss-logging-3.3.3.Final.jar;D:\Maven\Repository\javax\persistence\javax.persistence-api\2.2\javax.persistence-api-2.2.jar;D:\Maven\Repository\org\javassist\javassist\3.23.2-GA\javassist-3.23.2-GA.jar;D:\Maven\Repository\net\bytebuddy\byte-buddy\1.9.16\byte-buddy-1.9.16.jar;D:\Maven\Repository\antlr\antlr\2.7.7\antlr-2.7.7.jar;D:\Maven\Repository\org\jboss\jandex\2.0.5.Final\jandex-2.0.5.Final.jar;D:\Maven\Repository\com\fasterxml\classmate\1.4.0\classmate-1.4.0.jar;D:\Maven\Repository\org\dom4j\dom4j\2.1.1\dom4j-2.1.1.jar;D:\Maven\Repository\org\hibernate\common\hibernate-commons-annotations\5.0.4.Final\hibernate-commons-annotations-5.0.4.Final.jar;D:\Maven\Repository\org\springframework\data\spring-data-jpa\2.1.10.RELEASE\spring-data-jpa-2.1.10.RELEASE.jar;D:\Maven\Repository\org\springframework\data\spring-data-commons\2.1.10.RELEASE\spring-data-commons-2.1.10.RELEASE.jar;D:\Maven\Repository\org\springframework\spring-orm\5.1.9.RELEASE\spring-orm-5.1.9.RELEASE.jar;D:\Maven\Repository\org\springframework\spring-context\5.1.9.RELEASE\spring-context-5.1.9.RELEASE.jar;D:\Maven\Repository\org\springframework\spring-tx\5.1.9.RELEASE\spring-tx-5.1.9.RELEASE.jar;D:\Maven\Repository\org\springframework\spring-beans\5.1.9.RELEASE\spring-beans-5.1.9.RELEASE.jar;D:\Maven\Repository\org\springframework\spring-aspects\5.1.9.RELEASE\spring-aspects-5.1.9.RELEASE.jar;D:\Maven\Repository\org\springframework\boot\spring-boot-starter-test\2.1.8.RELEASE\spring-boot-starter-test-2.1.8.RELEASE.jar;D:\Maven\Repository\org\springframework\boot\spring-boot-starter\2.1.8.RELEASE\spring-boot-starter-2.1.8.RELEASE.jar;D:\Maven\Repository\org\springframework\boot\spring-boot\2.1.8.RELEASE\spring-boot-2.1.8.RELEASE.jar;D:\Maven\Repository\org\springframework\boot\spring-boot-starter-logging\2.1.8.RELEASE\spring-boot-starter-logging-2.1.8.RELEASE.jar;D:\Maven\Repository\ch\qos\logback\logback-classic\1.2.3\logback-classic-1.2.3.jar;D:\Maven\Repository\ch\qos\logback\logback-core\1.2.3\logback-core-1.2.3.jar;D:\Maven\Repository\org\apache\logging\log4j\log4j-to-slf4j\2.11.2\log4j-to-slf4j-2.11.2.jar;D:\Maven\Repository\org\apache\logging\log4j\log4j-api\2.11.2\log4j-api-2.11.2.jar;D:\Maven\Repository\org\slf4j\jul-to-slf4j\1.7.28\jul-to-slf4j-1.7.28.jar;D:\Maven\Repository\javax\annotation\javax.annotation-api\1.3.2\javax.annotation-api-1.3.2.jar;D:\Maven\Repository\org\yaml\snakeyaml\1.23\snakeyaml-1.23.jar;D:\Maven\Repository\org\springframework\boot\spring-boot-test\2.1.8.RELEASE\spring-boot-test-2.1.8.RELEASE.jar;D:\Maven\Repository\org\springframework\boot\spring-boot-test-autoconfigure\2.1.8.RELEASE\spring-boot-test-autoconfigure-2.1.8.RELEASE.jar;D:\Maven\Repository\com\jayway\jsonpath\json-path\2.4.0\json-path-2.4.0.jar;D:\Maven\Repository\net\minidev\json-smart\2.3\json-smart-2.3.jar;D:\Maven\Repository\net\minidev\accessors-smart\1.2\accessors-smart-1.2.jar;D:\Maven\Repository\org\ow2\asm\asm\5.0.4\asm-5.0.4.jar;D:\Maven\Repository\junit\junit\4.12\junit-4.12.jar;D:\Maven\Repository\org\assertj\assertj-core\3.11.1\assertj-core-3.11.1.jar;D:\Maven\Repository\org\mockito\mockito-core\2.23.4\mockito-core-2.23.4.jar;D:\Maven\Repository\net\bytebuddy\byte-buddy-agent\1.9.16\byte-buddy-agent-1.9.16.jar;D:\Maven\Repository\org\objenesis\objenesis\2.6\objenesis-2.6.jar;D:\Maven\Repository\org\hamcrest\hamcrest-core\1.3\hamcrest-core-1.3.jar;D:\Maven\Repository\org\hamcrest\hamcrest-library\1.3\hamcrest-library-1.3.jar;D:\Maven\Repository\org\skyscreamer\jsonassert\1.5.0\jsonassert-1.5.0.jar;D:\Maven\Repository\com\vaadin\external\google\android-json\0.0.20131108.vaadin1\android-json-0.0.20131108.vaadin1.jar;D:\Maven\Repository\org\springframework\spring-core\5.1.9.RELEASE\spring-core-5.1.9.RELEASE.jar;D:\Maven\Repository\org\springframework\spring-jcl\5.1.9.RELEASE\spring-jcl-5.1.9.RELEASE.jar;D:\Maven\Repository\org\springframework\spring-test\5.1.9.RELEASE\spring-test-5.1.9.RELEASE.jar;D:\Maven\Repository\org\xmlunit\xmlunit-core\2.6.3\xmlunit-core-2.6.3.jar;D:\Maven\Repository\mysql\mysql-connector-java\8.0.17\mysql-connector-java-8.0.17.jar;D:\Maven\Repository\org\springframework\boot\spring-boot-starter-data-redis\2.1.8.RELEASE\spring-boot-starter-data-redis-2.1.8.RELEASE.jar;D:\Maven\Repository\org\springframework\data\spring-data-redis\2.1.10.RELEASE\spring-data-redis-2.1.10.RELEASE.jar;D:\Maven\Repository\org\springframework\data\spring-data-keyvalue\2.1.10.RELEASE\spring-data-keyvalue-2.1.10.RELEASE.jar;D:\Maven\Repository\org\springframework\spring-oxm\5.1.9.RELEASE\spring-oxm-5.1.9.RELEASE.jar;D:\Maven\Repository\io\lettuce\lettuce-core\5.1.8.RELEASE\lettuce-core-5.1.8.RELEASE.jar;D:\Maven\Repository\io\netty\netty-common\4.1.39.Final\netty-common-4.1.39.Final.jar;D:\Maven\Repository\io\netty\netty-handler\4.1.39.Final\netty-handler-4.1.39.Final.jar;D:\Maven\Repository\io\netty\netty-buffer\4.1.39.Final\netty-buffer-4.1.39.Final.jar;D:\Maven\Repository\io\netty\netty-codec\4.1.39.Final\netty-codec-4.1.39.Final.jar;D:\Maven\Repository\io\netty\netty-transport\4.1.39.Final\netty-transport-4.1.39.Final.jar;D:\Maven\Repository\io\netty\netty-resolver\4.1.39.Final\netty-resolver-4.1.39.Final.jar;D:\Maven\Repository\io\projectreactor\reactor-core\3.2.12.RELEASE\reactor-core-3.2.12.RELEASE.jar;D:\Maven\Repository\org\reactivestreams\reactive-streams\1.0.3\reactive-streams-1.0.3.jar;D:\Maven\Repository\redis\clients\jedis\2.9.1\jedis-2.9.1.jar;D:\Maven\Repository\org\slf4j\slf4j-api\1.7.28\slf4j-api-1.7.28.jar;D:\Maven\Repository\org\apache\commons\commons-pool2\2.6.2\commons-pool2-2.6.2.jar;D:\Maven\Repository\org\springframework\boot\spring-boot-starter-data-mongodb\2.1.8.RELEASE\spring-boot-starter-data-mongodb-2.1.8.RELEASE.jar;D:\Maven\Repository\org\mongodb\mongodb-driver\3.8.2\mongodb-driver-3.8.2.jar;D:\Maven\Repository\org\mongodb\bson\3.8.2\bson-3.8.2.jar;D:\Maven\Repository\org\mongodb\mongodb-driver-core\3.8.2\mongodb-driver-core-3.8.2.jar;D:\Maven\Repository\org\springframework\data\spring-data-mongodb\2.1.10.RELEASE\spring-data-mongodb-2.1.10.RELEASE.jar;D:\Maven\Repository\org\springframework\spring-expression\5.1.9.RELEASE\spring-expression-5.1.9.RELEASE.jar;D:\Maven\Repository\com\alibaba\druid-spring-boot-starter\1.1.17\druid-spring-boot-starter-1.1.17.jar;D:\Maven\Repository\com\alibaba\druid\1.1.17\druid-1.1.17.jar;D:\Maven\Repository\org\springframework\boot\spring-boot-autoconfigure\2.1.8.RELEASE\spring-boot-autoconfigure-2.1.8.RELEASE.jar;D:\Maven\Repository\org\springframework\boot\spring-boot-starter-web\2.1.8.RELEASE\spring-boot-starter-web-2.1.8.RELEASE.jar;D:\Maven\Repository\org\springframework\boot\spring-boot-starter-json\2.1.8.RELEASE\spring-boot-starter-json-2.1.8.RELEASE.jar;D:\Maven\Repository\com\fasterxml\jackson\core\jackson-databind\2.9.9.3\jackson-databind-2.9.9.3.jar;D:\Maven\Repository\com\fasterxml\jackson\core\jackson-annotations\2.9.0\jackson-annotations-2.9.0.jar;D:\Maven\Repository\com\fasterxml\jackson\core\jackson-core\2.9.9\jackson-core-2.9.9.jar;D:\Maven\Repository\com\fasterxml\jackson\datatype\jackson-datatype-jdk8\2.9.9\jackson-datatype-jdk8-2.9.9.jar;D:\Maven\Repository\com\fasterxml\jackson\datatype\jackson-datatype-jsr310\2.9.9\jackson-datatype-jsr310-2.9.9.jar;D:\Maven\Repository\com\fasterxml\jackson\module\jackson-module-parameter-names\2.9.9\jackson-module-parameter-names-2.9.9.jar;D:\Maven\Repository\org\springframework\boot\spring-boot-starter-tomcat\2.1.8.RELEASE\spring-boot-starter-tomcat-2.1.8.RELEASE.jar;D:\Maven\Repository\org\apache\tomcat\embed\tomcat-embed-core\9.0.24\tomcat-embed-core-9.0.24.jar;D:\Maven\Repository\org\apache\tomcat\embed\tomcat-embed-el\9.0.24\tomcat-embed-el-9.0.24.jar;D:\Maven\Repository\org\apache\tomcat\embed\tomcat-embed-websocket\9.0.24\tomcat-embed-websocket-9.0.24.jar;D:\Maven\Repository\org\hibernate\validator\hibernate-validator\6.0.17.Final\hibernate-validator-6.0.17.Final.jar;D:\Maven\Repository\javax\validation\validation-api\2.0.1.Final\validation-api-2.0.1.Final.jar;D:\Maven\Repository\org\springframework\spring-web\5.1.9.RELEASE\spring-web-5.1.9.RELEASE.jar;D:\Maven\Repository\org\springframework\spring-webmvc\5.1.9.RELEASE\spring-webmvc-5.1.9.RELEASE.jar;D:\Maven\Repository\javax\servlet\javax.servlet-api\3.1.0\javax.servlet-api-3.1.0.jar;D:\Maven\Repository\org\springframework\boot\spring-boot-starter-cache\2.1.8.RELEASE\spring-boot-starter-cache-2.1.8.RELEASE.jar;D:\Maven\Repository\org\springframework\spring-context-support\5.1.9.RELEASE\spring-context-support-5.1.9.RELEASE.jar;"/>
    <property name="java.vm.vendor" value="Oracle Corporation"/>
    <property name="sun.arch.data.model" value="64"/>
    <property name="user.variant" value=""/>
    <property name="java.vendor.url" value="http://java.oracle.com/"/>
    <property name="user.timezone" value="Asia/Shanghai"/>
    <property name="java.vm.specification.version" value="1.8"/>
    <property name="os.name" value="Windows 10"/>
    <property name="user.country" value="CN"/>
    <property name="sun.java.launcher" value="SUN_STANDARD"/>
    <property name="sun.boot.library.path" value="D:\JDK\8\jre\bin"/>
    <property name="sun.java.command" value="C:\Users\delliu\AppData\Local\Temp\surefire5342790721835332768\surefirebooter7813268455286114545.jar C:\Users\delliu\AppData\Local\Temp\surefire5342790721835332768 2019-10-10T10-54-11_305-jvmRun1 surefire2681424751398551355tmp surefire_09004676689196780436tmp"/>
    <property name="surefire.test.class.path" value="E:\GitHub\duofei\Spring_Boot\target\test-classes;E:\GitHub\duofei\Spring_Boot\target\classes;D:\Maven\Repository\org\projectlombok\lombok\1.16.20\lombok-1.16.20.jar;D:\Maven\Repository\org\springframework\boot\spring-boot-starter-data-jpa\2.1.8.RELEASE\spring-boot-starter-data-jpa-2.1.8.RELEASE.jar;D:\Maven\Repository\org\springframework\boot\spring-boot-starter-aop\2.1.8.RELEASE\spring-boot-starter-aop-2.1.8.RELEASE.jar;D:\Maven\Repository\org\springframework\spring-aop\5.1.9.RELEASE\spring-aop-5.1.9.RELEASE.jar;D:\Maven\Repository\org\aspectj\aspectjweaver\1.9.4\aspectjweaver-1.9.4.jar;D:\Maven\Repository\org\springframework\boot\spring-boot-starter-jdbc\2.1.8.RELEASE\spring-boot-starter-jdbc-2.1.8.RELEASE.jar;D:\Maven\Repository\com\zaxxer\HikariCP\3.2.0\HikariCP-3.2.0.jar;D:\Maven\Repository\org\springframework\spring-jdbc\5.1.9.RELEASE\spring-jdbc-5.1.9.RELEASE.jar;D:\Maven\Repository\javax\transaction\javax.transaction-api\1.3\javax.transaction-api-1.3.jar;D:\Maven\Repository\javax\xml\bind\jaxb-api\2.3.1\jaxb-api-2.3.1.jar;D:\Maven\Repository\javax\activation\javax.activation-api\1.2.0\javax.activation-api-1.2.0.jar;D:\Maven\Repository\org\hibernate\hibernate-core\5.3.11.Final\hibernate-core-5.3.11.Final.jar;D:\Maven\Repository\org\jboss\logging\jboss-logging\3.3.3.Final\jboss-logging-3.3.3.Final.jar;D:\Maven\Repository\javax\persistence\javax.persistence-api\2.2\javax.persistence-api-2.2.jar;D:\Maven\Repository\org\javassist\javassist\3.23.2-GA\javassist-3.23.2-GA.jar;D:\Maven\Repository\net\bytebuddy\byte-buddy\1.9.16\byte-buddy-1.9.16.jar;D:\Maven\Repository\antlr\antlr\2.7.7\antlr-2.7.7.jar;D:\Maven\Repository\org\jboss\jandex\2.0.5.Final\jandex-2.0.5.Final.jar;D:\Maven\Repository\com\fasterxml\classmate\1.4.0\classmate-1.4.0.jar;D:\Maven\Repository\org\dom4j\dom4j\2.1.1\dom4j-2.1.1.jar;D:\Maven\Repository\org\hibernate\common\hibernate-commons-annotations\5.0.4.Final\hibernate-commons-annotations-5.0.4.Final.jar;D:\Maven\Repository\org\springframework\data\spring-data-jpa\2.1.10.RELEASE\spring-data-jpa-2.1.10.RELEASE.jar;D:\Maven\Repository\org\springframework\data\spring-data-commons\2.1.10.RELEASE\spring-data-commons-2.1.10.RELEASE.jar;D:\Maven\Repository\org\springframework\spring-orm\5.1.9.RELEASE\spring-orm-5.1.9.RELEASE.jar;D:\Maven\Repository\org\springframework\spring-context\5.1.9.RELEASE\spring-context-5.1.9.RELEASE.jar;D:\Maven\Repository\org\springframework\spring-tx\5.1.9.RELEASE\spring-tx-5.1.9.RELEASE.jar;D:\Maven\Repository\org\springframework\spring-beans\5.1.9.RELEASE\spring-beans-5.1.9.RELEASE.jar;D:\Maven\Repository\org\springframework\spring-aspects\5.1.9.RELEASE\spring-aspects-5.1.9.RELEASE.jar;D:\Maven\Repository\org\springframework\boot\spring-boot-starter-test\2.1.8.RELEASE\spring-boot-starter-test-2.1.8.RELEASE.jar;D:\Maven\Repository\org\springframework\boot\spring-boot-starter\2.1.8.RELEASE\spring-boot-starter-2.1.8.RELEASE.jar;D:\Maven\Repository\org\springframework\boot\spring-boot\2.1.8.RELEASE\spring-boot-2.1.8.RELEASE.jar;D:\Maven\Repository\org\springframework\boot\spring-boot-starter-logging\2.1.8.RELEASE\spring-boot-starter-logging-2.1.8.RELEASE.jar;D:\Maven\Repository\ch\qos\logback\logback-classic\1.2.3\logback-classic-1.2.3.jar;D:\Maven\Repository\ch\qos\logback\logback-core\1.2.3\logback-core-1.2.3.jar;D:\Maven\Repository\org\apache\logging\log4j\log4j-to-slf4j\2.11.2\log4j-to-slf4j-2.11.2.jar;D:\Maven\Repository\org\apache\logging\log4j\log4j-api\2.11.2\log4j-api-2.11.2.jar;D:\Maven\Repository\org\slf4j\jul-to-slf4j\1.7.28\jul-to-slf4j-1.7.28.jar;D:\Maven\Repository\javax\annotation\javax.annotation-api\1.3.2\javax.annotation-api-1.3.2.jar;D:\Maven\Repository\org\yaml\snakeyaml\1.23\snakeyaml-1.23.jar;D:\Maven\Repository\org\springframework\boot\spring-boot-test\2.1.8.RELEASE\spring-boot-test-2.1.8.RELEASE.jar;D:\Maven\Repository\org\springframework\boot\spring-boot-test-autoconfigure\2.1.8.RELEASE\spring-boot-test-autoconfigure-2.1.8.RELEASE.jar;D:\Maven\Repository\com\jayway\jsonpath\json-path\2.4.0\json-path-2.4.0.jar;D:\Maven\Repository\net\minidev\json-smart\2.3\json-smart-2.3.jar;D:\Maven\Repository\net\minidev\accessors-smart\1.2\accessors-smart-1.2.jar;D:\Maven\Repository\org\ow2\asm\asm\5.0.4\asm-5.0.4.jar;D:\Maven\Repository\junit\junit\4.12\junit-4.12.jar;D:\Maven\Repository\org\assertj\assertj-core\3.11.1\assertj-core-3.11.1.jar;D:\Maven\Repository\org\mockito\mockito-core\2.23.4\mockito-core-2.23.4.jar;D:\Maven\Repository\net\bytebuddy\byte-buddy-agent\1.9.16\byte-buddy-agent-1.9.16.jar;D:\Maven\Repository\org\objenesis\objenesis\2.6\objenesis-2.6.jar;D:\Maven\Repository\org\hamcrest\hamcrest-core\1.3\hamcrest-core-1.3.jar;D:\Maven\Repository\org\hamcrest\hamcrest-library\1.3\hamcrest-library-1.3.jar;D:\Maven\Repository\org\skyscreamer\jsonassert\1.5.0\jsonassert-1.5.0.jar;D:\Maven\Repository\com\vaadin\external\google\android-json\0.0.20131108.vaadin1\android-json-0.0.20131108.vaadin1.jar;D:\Maven\Repository\org\springframework\spring-core\5.1.9.RELEASE\spring-core-5.1.9.RELEASE.jar;D:\Maven\Repository\org\springframework\spring-jcl\5.1.9.RELEASE\spring-jcl-5.1.9.RELEASE.jar;D:\Maven\Repository\org\springframework\spring-test\5.1.9.RELEASE\spring-test-5.1.9.RELEASE.jar;D:\Maven\Repository\org\xmlunit\xmlunit-core\2.6.3\xmlunit-core-2.6.3.jar;D:\Maven\Repository\mysql\mysql-connector-java\8.0.17\mysql-connector-java-8.0.17.jar;D:\Maven\Repository\org\springframework\boot\spring-boot-starter-data-redis\2.1.8.RELEASE\spring-boot-starter-data-redis-2.1.8.RELEASE.jar;D:\Maven\Repository\org\springframework\data\spring-data-redis\2.1.10.RELEASE\spring-data-redis-2.1.10.RELEASE.jar;D:\Maven\Repository\org\springframework\data\spring-data-keyvalue\2.1.10.RELEASE\spring-data-keyvalue-2.1.10.RELEASE.jar;D:\Maven\Repository\org\springframework\spring-oxm\5.1.9.RELEASE\spring-oxm-5.1.9.RELEASE.jar;D:\Maven\Repository\io\lettuce\lettuce-core\5.1.8.RELEASE\lettuce-core-5.1.8.RELEASE.jar;D:\Maven\Repository\io\netty\netty-common\4.1.39.Final\netty-common-4.1.39.Final.jar;D:\Maven\Repository\io\netty\netty-handler\4.1.39.Final\netty-handler-4.1.39.Final.jar;D:\Maven\Repository\io\netty\netty-buffer\4.1.39.Final\netty-buffer-4.1.39.Final.jar;D:\Maven\Repository\io\netty\netty-codec\4.1.39.Final\netty-codec-4.1.39.Final.jar;D:\Maven\Repository\io\netty\netty-transport\4.1.39.Final\netty-transport-4.1.39.Final.jar;D:\Maven\Repository\io\netty\netty-resolver\4.1.39.Final\netty-resolver-4.1.39.Final.jar;D:\Maven\Repository\io\projectreactor\reactor-core\3.2.12.RELEASE\reactor-core-3.2.12.RELEASE.jar;D:\Maven\Repository\org\reactivestreams\reactive-streams\1.0.3\reactive-streams-1.0.3.jar;D:\Maven\Repository\redis\clients\jedis\2.9.1\jedis-2.9.1.jar;D:\Maven\Repository\org\slf4j\slf4j-api\1.7.28\slf4j-api-1.7.28.jar;D:\Maven\Repository\org\apache\commons\commons-pool2\2.6.2\commons-pool2-2.6.2.jar;D:\Maven\Repository\org\springframework\boot\spring-boot-starter-data-mongodb\2.1.8.RELEASE\spring-boot-starter-data-mongodb-2.1.8.RELEASE.jar;D:\Maven\Repository\org\mongodb\mongodb-driver\3.8.2\mongodb-driver-3.8.2.jar;D:\Maven\Repository\org\mongodb\bson\3.8.2\bson-3.8.2.jar;D:\Maven\Repository\org\mongodb\mongodb-driver-core\3.8.2\mongodb-driver-core-3.8.2.jar;D:\Maven\Repository\org\springframework\data\spring-data-mongodb\2.1.10.RELEASE\spring-data-mongodb-2.1.10.RELEASE.jar;D:\Maven\Repository\org\springframework\spring-expression\5.1.9.RELEASE\spring-expression-5.1.9.RELEASE.jar;D:\Maven\Repository\com\alibaba\druid-spring-boot-starter\1.1.17\druid-spring-boot-starter-1.1.17.jar;D:\Maven\Repository\com\alibaba\druid\1.1.17\druid-1.1.17.jar;D:\Maven\Repository\org\springframework\boot\spring-boot-autoconfigure\2.1.8.RELEASE\spring-boot-autoconfigure-2.1.8.RELEASE.jar;D:\Maven\Repository\org\springframework\boot\spring-boot-starter-web\2.1.8.RELEASE\spring-boot-starter-web-2.1.8.RELEASE.jar;D:\Maven\Repository\org\springframework\boot\spring-boot-starter-json\2.1.8.RELEASE\spring-boot-starter-json-2.1.8.RELEASE.jar;D:\Maven\Repository\com\fasterxml\jackson\core\jackson-databind\2.9.9.3\jackson-databind-2.9.9.3.jar;D:\Maven\Repository\com\fasterxml\jackson\core\jackson-annotations\2.9.0\jackson-annotations-2.9.0.jar;D:\Maven\Repository\com\fasterxml\jackson\core\jackson-core\2.9.9\jackson-core-2.9.9.jar;D:\Maven\Repository\com\fasterxml\jackson\datatype\jackson-datatype-jdk8\2.9.9\jackson-datatype-jdk8-2.9.9.jar;D:\Maven\Repository\com\fasterxml\jackson\datatype\jackson-datatype-jsr310\2.9.9\jackson-datatype-jsr310-2.9.9.jar;D:\Maven\Repository\com\fasterxml\jackson\module\jackson-module-parameter-names\2.9.9\jackson-module-parameter-names-2.9.9.jar;D:\Maven\Repository\org\springframework\boot\spring-boot-starter-tomcat\2.1.8.RELEASE\spring-boot-starter-tomcat-2.1.8.RELEASE.jar;D:\Maven\Repository\org\apache\tomcat\embed\tomcat-embed-core\9.0.24\tomcat-embed-core-9.0.24.jar;D:\Maven\Repository\org\apache\tomcat\embed\tomcat-embed-el\9.0.24\tomcat-embed-el-9.0.24.jar;D:\Maven\Repository\org\apache\tomcat\embed\tomcat-embed-websocket\9.0.24\tomcat-embed-websocket-9.0.24.jar;D:\Maven\Repository\org\hibernate\validator\hibernate-validator\6.0.17.Final\hibernate-validator-6.0.17.Final.jar;D:\Maven\Repository\javax\validation\validation-api\2.0.1.Final\validation-api-2.0.1.Final.jar;D:\Maven\Repository\org\springframework\spring-web\5.1.9.RELEASE\spring-web-5.1.9.RELEASE.jar;D:\Maven\Repository\org\springframework\spring-webmvc\5.1.9.RELEASE\spring-webmvc-5.1.9.RELEASE.jar;D:\Maven\Repository\javax\servlet\javax.servlet-api\3.1.0\javax.servlet-api-3.1.0.jar;D:\Maven\Repository\org\springframework\boot\spring-boot-starter-cache\2.1.8.RELEASE\spring-boot-starter-cache-2.1.8.RELEASE.jar;D:\Maven\Repository\org\springframework\spring-context-support\5.1.9.RELEASE\spring-context-support-5.1.9.RELEASE.jar;"/>
    <property name="sun.cpu.endian" value="little"/>
    <property name="user.home" value="C:\Users\delliu"/>
    <property name="user.language" value="zh"/>
    <property name="java.specification.vendor" value="Oracle Corporation"/>
    <property name="java.home" value="D:\JDK\8\jre"/>
    <property name="basedir" value="E:\GitHub\duofei\Spring_Boot"/>
    <property name="file.separator" value="\"/>
    <property name="line.separator" value="&#10;"/>
    <property name="java.vm.specification.vendor" value="Oracle Corporation"/>
    <property name="java.specification.name" value="Java Platform API Specification"/>
    <property name="java.awt.graphicsenv" value="sun.awt.Win32GraphicsEnvironment"/>
    <property name="surefire.real.class.path" value="C:\Users\delliu\AppData\Local\Temp\surefire5342790721835332768\surefirebooter7813268455286114545.jar"/>
    <property name="sun.boot.class.path" value="D:\JDK\8\jre\lib\resources.jar;D:\JDK\8\jre\lib\rt.jar;D:\JDK\8\jre\lib\sunrsasign.jar;D:\JDK\8\jre\lib\jsse.jar;D:\JDK\8\jre\lib\jce.jar;D:\JDK\8\jre\lib\charsets.jar;D:\JDK\8\jre\lib\jfr.jar;D:\JDK\8\jre\classes"/>
    <property name="user.script" value=""/>
    <property name="sun.management.compiler" value="HotSpot 64-Bit Tiered Compilers"/>
    <property name="java.runtime.version" value="1.8.0_161-b12"/>
    <property name="user.name" value="delliu"/>
    <property name="path.separator" value=";"/>
    <property name="os.version" value="10.0"/>
    <property name="java.endorsed.dirs" value="D:\JDK\8\jre\lib\endorsed"/>
    <property name="java.runtime.name" value="Java(TM) SE Runtime Environment"/>
    <property name="file.encoding" value="GBK"/>
    <property name="java.vm.name" value="Java HotSpot(TM) 64-Bit Server VM"/>
    <property name="localRepository" value="D:\Maven\Repository"/>
    <property name="java.vendor.url.bug" value="http://bugreport.sun.com/bugreport/"/>
    <property name="java.io.tmpdir" value="C:\Users\delliu\AppData\Local\Temp\"/>
    <property name="idea.version" value="2018.2"/>
    <property name="java.version" value="1.8.0_161"/>
    <property name="user.dir" value="E:\GitHub\duofei\Spring_Boot"/>
    <property name="os.arch" value="amd64"/>
    <property name="java.vm.specification.name" value="Java Virtual Machine Specification"/>
    <property name="java.awt.printerjob" value="sun.awt.windows.WPrinterJob"/>
    <property name="sun.os.patch.level" value=""/>
    <property name="java.library.path" value="D:\JDK\8\jre\bin;C:\WINDOWS\Sun\Java\bin;C:\WINDOWS\system32;C:\WINDOWS;C:\Program Files (x86)\NetSarang\Xftp 6\;D:\JDK\8\bin;D:\tomcat\apache-tomcat-8.5.29\bin;C:\ProgramData\Oracle\Java\javapath;C:\WINDOWS\system32;C:\WINDOWS;C:\WINDOWS\System32\Wbem;C:\WINDOWS\System32\WindowsPowerShell\v1.0\;D:\Git\cmd;C:\Program Files\MySQL\MySQL Utilities 1.6\;C:\Program Files\MySQL\MySQL Server 5.7\bin;D:\MongoDB\Server\3.6\bin;D:\maven\apache-maven-3.5.3\bin;D:\erl9.3\bin;D:\RabbitMQServer\rabbitmq_server-3.7.4\sbin;D:\emqttd2.3.10\bin;E:\火狐下载\curl-7.60.0-win64-mingw\curl-7.60.0-win64-mingw\bin;C:\WINDOWS\System32\OpenSSH\;D:\maven\apache-maven-3.5.3\bin;C:\Users\delliu\Desktop;D:\nodejs\;D:\gradle-4.10.2-all\gradle-4.10.2\bin;C:\Program Files\Common Files\Autodesk Shared\;E:\TortoiseSVN\bin;C:\Users\delliu\Desktop\quickstart;F:\MinGW\bin;D:\Redis\;C:\Users\delliu\AppData\Local\Microsoft\WindowsApps;C:\Users\delliu\AppData\Roaming\npm;F:\Fiddler;C:\Users\delliu\AppData\Local\GitHubDesktop\bin;."/>
    <property name="java.vm.info" value="mixed mode"/>
    <property name="java.vendor" value="Oracle Corporation"/>
    <property name="java.vm.version" value="25.161-b12"/>
    <property name="java.ext.dirs" value="D:\JDK\8\jre\lib\ext;C:\WINDOWS\Sun\Java\lib\ext"/>
    <property name="sun.io.unicode.encoding" value="UnicodeLittle"/>
    <property name="java.class.version" value="52.0"/>
  </properties>
  <testcase name="findAll" classname="com.duofei.db.mongodb.MongodbTest" time="0.488"/>
</testsuite>